<?xml version="1.0" encoding="UTF-8"?>
<testng-results ignored="0" total="1" passed="1" failed="0" skipped="0">
  <reporter-output>
  </reporter-output>
  <suite started-at="2025-09-21T07:20:39Z" name="DemoWebsiteSuite" finished-at="2025-09-21T07:21:06Z" duration-ms="26935">
    <groups>
    </groups>
    <test started-at="2025-09-21T07:20:39Z" name="RamTest" finished-at="2025-09-21T07:21:06Z" duration-ms="26935">
      <class name="com.pru.pageobjects.RamTest">
        <test-method is-config="true" signature="setup()[pri:0, instance:com.pru.pageobjects.RamTest@184cf7cf]" started-at="2025-09-21T12:50:39Z" name="setup" finished-at="2025-09-21T12:51:02Z" duration-ms="23350" status="PASS">
          <reporter-output>
          </reporter-output>
        </test-method> <!-- setup -->
        <test-method signature="Ramtest()[pri:0, instance:com.pru.pageobjects.RamTest@184cf7cf]" started-at="2025-09-21T12:51:02Z" name="Ramtest" finished-at="2025-09-21T12:51:06Z" duration-ms="3560" status="PASS">
          <reporter-output>
          </reporter-output>
        </test-method> <!-- Ramtest -->
        <test-method is-config="true" signature="teardown()[pri:0, instance:com.pru.pageobjects.RamTest@184cf7cf]" started-at="2025-09-21T12:51:06Z" name="teardown" finished-at="2025-09-21T12:51:06Z" duration-ms="0" status="PASS">
          <reporter-output>
          </reporter-output>
        </test-method> <!-- teardown -->
      </class> <!-- com.pru.pageobjects.RamTest -->
    </test> <!-- RamTest -->
  </suite> <!-- DemoWebsiteSuite -->
</testng-results>
